app/build/intermediates/manifest_merge_blame_file/debug/processDebugMainManifest/manifest-merger-blame-debug-report.txt
1<?xml version="1.0" encoding="utf-8"?>
2<manifest xmlns:android="http://schemas.android.com/apk/res/android"
3    package="com.studyplanner.app"
4    android:versionCode="1"
5    android:versionName="1.0" >
6
7    <uses-sdk
8        android:minSdkVersion="26"
9        android:targetSdkVersion="34" />
10
11    <uses-permission android:name="android.permission.INTERNET" />
11-->src\main\AndroidManifest.xml:5:5-67
11-->src\main\AndroidManifest.xml:5:22-64
12    <uses-permission android:name="android.permission.POST_NOTIFICATIONS" />
12-->src\main\AndroidManifest.xml:6:5-77
12-->src\main\AndroidManifest.xml:6:22-74
13    <uses-permission android:name="android.permission.RECEIVE_BOOT_COMPLETED" />
13-->src\main\AndroidManifest.xml:7:5-81
13-->src\main\AndroidManifest.xml:7:22-78
14
15    <!-- Although the *SdkVersion is captured in gradle build files, this is required for non gradle builds -->
16    <!-- <uses-sdk android:minSdkVersion="14" /> -->
17    <uses-permission android:name="android.permission.ACCESS_NETWORK_STATE" />
17-->[com.google.firebase:firebase-firestore:24.10.0] AndroidManifest.xml:10:5-79
17-->[com.google.firebase:firebase-firestore:24.10.0] AndroidManifest.xml:10:22-76
18    <uses-permission android:name="android.permission.WAKE_LOCK" />
18-->[com.google.android.gms:play-services-measurement-api:21.5.0] AndroidManifest.xml:24:5-68
18-->[com.google.android.gms:play-services-measurement-api:21.5.0] AndroidManifest.xml:24:22-65
19    <uses-permission android:name="com.google.android.gms.permission.AD_ID" />
19-->[com.google.android.gms:play-services-measurement-api:21.5.0] AndroidManifest.xml:25:5-79
19-->[com.google.android.gms:play-services-measurement-api:21.5.0] AndroidManifest.xml:25:22-76
20    <uses-permission android:name="android.permission.ACCESS_ADSERVICES_ATTRIBUTION" />
20-->[com.google.android.gms:play-services-measurement-api:21.5.0] AndroidManifest.xml:26:5-88
20-->[com.google.android.gms:play-services-measurement-api:21.5.0] AndroidManifest.xml:26:22-85
21    <uses-permission android:name="android.permission.ACCESS_ADSERVICES_AD_ID" />
21-->[com.google.android.gms:play-services-measurement-api:21.5.0] AndroidManifest.xml:27:5-82
21-->[com.google.android.gms:play-services-measurement-api:21.5.0] AndroidManifest.xml:27:22-79
22    <uses-permission android:name="com.google.android.finsky.permission.BIND_GET_INSTALL_REFERRER_SERVICE" />
22-->[com.google.android.gms:play-services-measurement:21.5.0] AndroidManifest.xml:26:5-110
22-->[com.google.android.gms:play-services-measurement:21.5.0] AndroidManifest.xml:26:22-107
23    <uses-permission android:name="android.permission.FOREGROUND_SERVICE" />
23-->[androidx.work:work-runtime:2.9.0] AndroidManifest.xml:26:5-77
23-->[androidx.work:work-runtime:2.9.0] AndroidManifest.xml:26:22-74
24
25    <permission
25-->[androidx.core:core:1.12.0] AndroidManifest.xml:22:5-24:47
26        android:name="com.studyplanner.app.DYNAMIC_RECEIVER_NOT_EXPORTED_PERMISSION"
26-->[androidx.core:core:1.12.0] AndroidManifest.xml:23:9-81
27        android:protectionLevel="signature" />
27-->[androidx.core:core:1.12.0] AndroidManifest.xml:24:9-44
28
29    <uses-permission android:name="com.studyplanner.app.DYNAMIC_RECEIVER_NOT_EXPORTED_PERMISSION" />
29-->[androidx.core:core:1.12.0] AndroidManifest.xml:26:5-97
29-->[androidx.core:core:1.12.0] AndroidManifest.xml:26:22-94
30
31    <application
31-->src\main\AndroidManifest.xml:9:5-51:19
32        android:allowBackup="true"
32-->src\main\AndroidManifest.xml:10:9-35
33        android:appComponentFactory="androidx.core.app.CoreComponentFactory"
33-->[androidx.core:core:1.12.0] AndroidManifest.xml:28:18-86
34        android:dataExtractionRules="@xml/data_extraction_rules"
34-->src\main\AndroidManifest.xml:11:9-65
35        android:debuggable="true"
36        android:extractNativeLibs="false"
37        android:fullBackupContent="@xml/backup_rules"
37-->src\main\AndroidManifest.xml:12:9-54
38        android:icon="@mipmap/ic_launcher"
38-->src\main\AndroidManifest.xml:13:9-43
39        android:label="@string/app_name"
39-->src\main\AndroidManifest.xml:14:9-41
40        android:roundIcon="@mipmap/ic_launcher_round"
40-->src\main\AndroidManifest.xml:15:9-54
41        android:supportsRtl="true"
41-->src\main\AndroidManifest.xml:16:9-35
42        android:testOnly="true"
43        android:theme="@style/Theme.AIStudyPlanner" >
43-->src\main\AndroidManifest.xml:17:9-52
44        <activity
44-->src\main\AndroidManifest.xml:20:9-28:20
45            android:name="com.studyplanner.app.ui.activities.SplashActivity"
45-->src\main\AndroidManifest.xml:21:13-57
46            android:exported="true"
46-->src\main\AndroidManifest.xml:22:13-36
47            android:theme="@style/Theme.AIStudyPlanner.Splash" >
47-->src\main\AndroidManifest.xml:23:13-63
48            <intent-filter>
48-->src\main\AndroidManifest.xml:24:13-27:29
49                <action android:name="android.intent.action.MAIN" />
49-->src\main\AndroidManifest.xml:25:17-69
49-->src\main\AndroidManifest.xml:25:25-66
50
51                <category android:name="android.intent.category.LAUNCHER" />
51-->src\main\AndroidManifest.xml:26:17-77
51-->src\main\AndroidManifest.xml:26:27-74
52            </intent-filter>
53        </activity>
54        <activity
54-->src\main\AndroidManifest.xml:30:9-32:40
55            android:name="com.studyplanner.app.ui.activities.DashboardActivity"
55-->src\main\AndroidManifest.xml:31:13-60
56            android:exported="false" />
56-->src\main\AndroidManifest.xml:32:13-37
57        <activity
57-->src\main\AndroidManifest.xml:34:9-37:58
58            android:name="com.studyplanner.app.ui.activities.AddTaskActivity"
58-->src\main\AndroidManifest.xml:35:13-58
59            android:exported="false"
59-->src\main\AndroidManifest.xml:36:13-37
60            android:windowSoftInputMode="adjustResize" />
60-->src\main\AndroidManifest.xml:37:13-55
61        <activity
61-->src\main\AndroidManifest.xml:39:9-41:40
62            android:name="com.studyplanner.app.ui.activities.TimetableActivity"
62-->src\main\AndroidManifest.xml:40:13-60
63            android:exported="false" />
63-->src\main\AndroidManifest.xml:41:13-37
64        <activity
64-->src\main\AndroidManifest.xml:43:9-45:40
65            android:name="com.studyplanner.app.ui.activities.AllTasksActivity"
65-->src\main\AndroidManifest.xml:44:13-59
66            android:exported="false" />
66-->src\main\AndroidManifest.xml:45:13-37
67
68        <receiver
68-->src\main\AndroidManifest.xml:47:9-49:40
69            android:name="com.studyplanner.app.notifications.DeadlineReceiver"
69-->src\main\AndroidManifest.xml:48:13-59
70            android:exported="false" />
70-->src\main\AndroidManifest.xml:49:13-37
71
72        <service
72-->[com.google.firebase:firebase-analytics-ktx:21.5.0] AndroidManifest.xml:8:9-14:19
73            android:name="com.google.firebase.components.ComponentDiscoveryService"
73-->[com.google.firebase:firebase-analytics-ktx:21.5.0] AndroidManifest.xml:9:13-84
74            android:directBootAware="true"
74-->[com.google.firebase:firebase-common:20.4.2] AndroidManifest.xml:32:13-43
75            android:exported="false" >
75-->[com.google.firebase:firebase-analytics-ktx:21.5.0] AndroidManifest.xml:10:13-37
76            <meta-data
76-->[com.google.firebase:firebase-analytics-ktx:21.5.0] AndroidManifest.xml:11:13-13:85
77                android:name="com.google.firebase.components:com.google.firebase.analytics.ktx.FirebaseAnalyticsLegacyRegistrar"
77-->[com.google.firebase:firebase-analytics-ktx:21.5.0] AndroidManifest.xml:12:17-129
78                android:value="com.google.firebase.components.ComponentRegistrar" />
78-->[com.google.firebase:firebase-analytics-ktx:21.5.0] AndroidManifest.xml:13:17-82
79            <meta-data
79-->[com.google.firebase:firebase-firestore-ktx:24.10.0] AndroidManifest.xml:12:13-14:85
80                android:name="com.google.firebase.components:com.google.firebase.firestore.ktx.FirebaseFirestoreLegacyRegistrar"
80-->[com.google.firebase:firebase-firestore-ktx:24.10.0] AndroidManifest.xml:13:17-129
81                android:value="com.google.firebase.components.ComponentRegistrar" />
81-->[com.google.firebase:firebase-firestore-ktx:24.10.0] AndroidManifest.xml:14:17-82
82            <meta-data
82-->[com.google.firebase:firebase-firestore:24.10.0] AndroidManifest.xml:17:13-19:85
83                android:name="com.google.firebase.components:com.google.firebase.firestore.FirebaseFirestoreKtxRegistrar"
83-->[com.google.firebase:firebase-firestore:24.10.0] AndroidManifest.xml:18:17-122
84                android:value="com.google.firebase.components.ComponentRegistrar" />
84-->[com.google.firebase:firebase-firestore:24.10.0] AndroidManifest.xml:19:17-82
85            <meta-data
85-->[com.google.firebase:firebase-firestore:24.10.0] AndroidManifest.xml:20:13-22:85
86                android:name="com.google.firebase.components:com.google.firebase.firestore.FirestoreRegistrar"
86-->[com.google.firebase:firebase-firestore:24.10.0] AndroidManifest.xml:21:17-111
87                android:value="com.google.firebase.components.ComponentRegistrar" />
87-->[com.google.firebase:firebase-firestore:24.10.0] AndroidManifest.xml:22:17-82
88            <meta-data
88-->[com.google.android.gms:play-services-measurement-api:21.5.0] AndroidManifest.xml:37:13-39:85
89                android:name="com.google.firebase.components:com.google.firebase.analytics.connector.internal.AnalyticsConnectorRegistrar"
89-->[com.google.android.gms:play-services-measurement-api:21.5.0] AndroidManifest.xml:38:17-139
90                android:value="com.google.firebase.components.ComponentRegistrar" />
90-->[com.google.android.gms:play-services-measurement-api:21.5.0] AndroidManifest.xml:39:17-82
91            <meta-data
91-->[com.google.firebase:firebase-installations:17.2.0] AndroidManifest.xml:15:13-17:85
92                android:name="com.google.firebase.components:com.google.firebase.installations.FirebaseInstallationsKtxRegistrar"
92-->[com.google.firebase:firebase-installations:17.2.0] AndroidManifest.xml:16:17-130
93                android:value="com.google.firebase.components.ComponentRegistrar" />
93-->[com.google.firebase:firebase-installations:17.2.0] AndroidManifest.xml:17:17-82
94            <meta-data
94-->[com.google.firebase:firebase-installations:17.2.0] AndroidManifest.xml:18:13-20:85
95                android:name="com.google.firebase.components:com.google.firebase.installations.FirebaseInstallationsRegistrar"
95-->[com.google.firebase:firebase-installations:17.2.0] AndroidManifest.xml:19:17-127
96                android:value="com.google.firebase.components.ComponentRegistrar" />
96-->[com.google.firebase:firebase-installations:17.2.0] AndroidManifest.xml:20:17-82
97            <meta-data
97-->[com.google.firebase:firebase-common-ktx:20.4.2] AndroidManifest.xml:12:13-14:85
98                android:name="com.google.firebase.components:com.google.firebase.ktx.FirebaseCommonLegacyRegistrar"
98-->[com.google.firebase:firebase-common-ktx:20.4.2] AndroidManifest.xml:13:17-116
99                android:value="com.google.firebase.components.ComponentRegistrar" />
99-->[com.google.firebase:firebase-common-ktx:20.4.2] AndroidManifest.xml:14:17-82
100            <meta-data
100-->[com.google.firebase:firebase-common:20.4.2] AndroidManifest.xml:35:13-37:85
101                android:name="com.google.firebase.components:com.google.firebase.FirebaseCommonKtxRegistrar"
101-->[com.google.firebase:firebase-common:20.4.2] AndroidManifest.xml:36:17-109
102                android:value="com.google.firebase.components.ComponentRegistrar" />
102-->[com.google.firebase:firebase-common:20.4.2] AndroidManifest.xml:37:17-82
103        </service>
104
105        <property
105-->[com.google.android.gms:play-services-measurement-api:21.5.0] AndroidManifest.xml:30:9-32:61
106            android:name="android.adservices.AD_SERVICES_CONFIG"
106-->[com.google.android.gms:play-services-measurement-api:21.5.0] AndroidManifest.xml:31:13-65
107            android:resource="@xml/ga_ad_services_config" />
107-->[com.google.android.gms:play-services-measurement-api:21.5.0] AndroidManifest.xml:32:13-58
108
109        <provider
109-->[com.google.firebase:firebase-common:20.4.2] AndroidManifest.xml:23:9-28:39
110            android:name="com.google.firebase.provider.FirebaseInitProvider"
110-->[com.google.firebase:firebase-common:20.4.2] AndroidManifest.xml:24:13-77
111            android:authorities="com.studyplanner.app.firebaseinitprovider"
111-->[com.google.firebase:firebase-common:20.4.2] AndroidManifest.xml:25:13-72
112            android:directBootAware="true"
112-->[com.google.firebase:firebase-common:20.4.2] AndroidManifest.xml:26:13-43
113            android:exported="false"
113-->[com.google.firebase:firebase-common:20.4.2] AndroidManifest.xml:27:13-37
114            android:initOrder="100" />
114-->[com.google.firebase:firebase-common:20.4.2] AndroidManifest.xml:28:13-36
115
116        <receiver
116-->[com.google.android.gms:play-services-measurement:21.5.0] AndroidManifest.xml:29:9-33:20
117            android:name="com.google.android.gms.measurement.AppMeasurementReceiver"
117-->[com.google.android.gms:play-services-measurement:21.5.0] AndroidManifest.xml:30:13-85
118            android:enabled="true"
118-->[com.google.android.gms:play-services-measurement:21.5.0] AndroidManifest.xml:31:13-35
119            android:exported="false" >
119-->[com.google.android.gms:play-services-measurement:21.5.0] AndroidManifest.xml:32:13-37
120        </receiver>
121
122        <service
122-->[com.google.android.gms:play-services-measurement:21.5.0] AndroidManifest.xml:35:9-38:40
123            android:name="com.google.android.gms.measurement.AppMeasurementService"
123-->[com.google.android.gms:play-services-measurement:21.5.0] AndroidManifest.xml:36:13-84
124            android:enabled="true"
124-->[com.google.android.gms:play-services-measurement:21.5.0] AndroidManifest.xml:37:13-35
125            android:exported="false" />
125-->[com.google.android.gms:play-services-measurement:21.5.0] AndroidManifest.xml:38:13-37
126        <service
126-->[com.google.android.gms:play-services-measurement:21.5.0] AndroidManifest.xml:39:9-43:72
127            android:name="com.google.android.gms.measurement.AppMeasurementJobService"
127-->[com.google.android.gms:play-services-measurement:21.5.0] AndroidManifest.xml:40:13-87
128            android:enabled="true"
128-->[com.google.android.gms:play-services-measurement:21.5.0] AndroidManifest.xml:41:13-35
129            android:exported="false"
129-->[com.google.android.gms:play-services-measurement:21.5.0] AndroidManifest.xml:42:13-37
130            android:permission="android.permission.BIND_JOB_SERVICE" />
130-->[com.google.android.gms:play-services-measurement:21.5.0] AndroidManifest.xml:43:13-69
131
132        <provider
132-->[androidx.emoji2:emoji2:1.2.0] AndroidManifest.xml:24:9-32:20
133            android:name="androidx.startup.InitializationProvider"
133-->[androidx.emoji2:emoji2:1.2.0] AndroidManifest.xml:25:13-67
134            android:authorities="com.studyplanner.app.androidx-startup"
134-->[androidx.emoji2:emoji2:1.2.0] AndroidManifest.xml:26:13-68
135            android:exported="false" >
135-->[androidx.emoji2:emoji2:1.2.0] AndroidManifest.xml:27:13-37
136            <meta-data
136-->[androidx.emoji2:emoji2:1.2.0] AndroidManifest.xml:29:13-31:52
137                android:name="androidx.emoji2.text.EmojiCompatInitializer"
137-->[androidx.emoji2:emoji2:1.2.0] AndroidManifest.xml:30:17-75
138                android:value="androidx.startup" />
138-->[androidx.emoji2:emoji2:1.2.0] AndroidManifest.xml:31:17-49
139            <meta-data
139-->[androidx.work:work-runtime:2.9.0] AndroidManifest.xml:34:13-36:52
140                android:name="androidx.work.WorkManagerInitializer"
140-->[androidx.work:work-runtime:2.9.0] AndroidManifest.xml:35:17-68
141                android:value="androidx.startup" />
141-->[androidx.work:work-runtime:2.9.0] AndroidManifest.xml:36:17-49
142            <meta-data
142-->[androidx.lifecycle:lifecycle-process:2.7.0] AndroidManifest.xml:29:13-31:52
143                android:name="androidx.lifecycle.ProcessLifecycleInitializer"
143-->[androidx.lifecycle:lifecycle-process:2.7.0] AndroidManifest.xml:30:17-78
144                android:value="androidx.startup" />
144-->[androidx.lifecycle:lifecycle-process:2.7.0] AndroidManifest.xml:31:17-49
145            <meta-data
145-->[androidx.profileinstaller:profileinstaller:1.3.0] AndroidManifest.xml:29:13-31:52
146                android:name="androidx.profileinstaller.ProfileInstallerInitializer"
146-->[androidx.profileinstaller:profileinstaller:1.3.0] AndroidManifest.xml:30:17-85
147                android:value="androidx.startup" />
147-->[androidx.profileinstaller:profileinstaller:1.3.0] AndroidManifest.xml:31:17-49
148        </provider>
149
150        <service
150-->[androidx.work:work-runtime:2.9.0] AndroidManifest.xml:39:9-45:35
151            android:name="androidx.work.impl.background.systemalarm.SystemAlarmService"
151-->[androidx.work:work-runtime:2.9.0] AndroidManifest.xml:40:13-88
152            android:directBootAware="false"
152-->[androidx.work:work-runtime:2.9.0] AndroidManifest.xml:41:13-44
153            android:enabled="@bool/enable_system_alarm_service_default"
153-->[androidx.work:work-runtime:2.9.0] AndroidManifest.xml:42:13-72
154            android:exported="false" />
154-->[androidx.work:work-runtime:2.9.0] AndroidManifest.xml:43:13-37
155        <service
155-->[androidx.work:work-runtime:2.9.0] AndroidManifest.xml:46:9-52:35
156            android:name="androidx.work.impl.background.systemjob.SystemJobService"
156-->[androidx.work:work-runtime:2.9.0] AndroidManifest.xml:47:13-84
157            android:directBootAware="false"
157-->[androidx.work:work-runtime:2.9.0] AndroidManifest.xml:48:13-44
158            android:enabled="@bool/enable_system_job_service_default"
158-->[androidx.work:work-runtime:2.9.0] AndroidManifest.xml:49:13-70
159            android:exported="true"
159-->[androidx.work:work-runtime:2.9.0] AndroidManifest.xml:50:13-36
160            android:permission="android.permission.BIND_JOB_SERVICE" />
160-->[androidx.work:work-runtime:2.9.0] AndroidManifest.xml:51:13-69
161        <service
161-->[androidx.work:work-runtime:2.9.0] AndroidManifest.xml:53:9-59:35
162            android:name="androidx.work.impl.foreground.SystemForegroundService"
162-->[androidx.work:work-runtime:2.9.0] AndroidManifest.xml:54:13-81
163            android:directBootAware="false"
163-->[androidx.work:work-runtime:2.9.0] AndroidManifest.xml:55:13-44
164            android:enabled="@bool/enable_system_foreground_service_default"
164-->[androidx.work:work-runtime:2.9.0] AndroidManifest.xml:56:13-77
165            android:exported="false" />
165-->[androidx.work:work-runtime:2.9.0] AndroidManifest.xml:57:13-37
166
167        <receiver
167-->[androidx.work:work-runtime:2.9.0] AndroidManifest.xml:61:9-66:35
168            android:name="androidx.work.impl.utils.ForceStopRunnable$BroadcastReceiver"
168-->[androidx.work:work-runtime:2.9.0] AndroidManifest.xml:62:13-88
169            android:directBootAware="false"
169-->[androidx.work:work-runtime:2.9.0] AndroidManifest.xml:63:13-44
170            android:enabled="true"
170-->[androidx.work:work-runtime:2.9.0] AndroidManifest.xml:64:13-35
171            android:exported="false" />
171-->[androidx.work:work-runtime:2.9.0] AndroidManifest.xml:65:13-37
172        <receiver
172-->[androidx.work:work-runtime:2.9.0] AndroidManifest.xml:67:9-77:20
173            android:name="androidx.work.impl.background.systemalarm.ConstraintProxy$BatteryChargingProxy"
173-->[androidx.work:work-runtime:2.9.0] AndroidManifest.xml:68:13-106
174            android:directBootAware="false"
174-->[androidx.work:work-runtime:2.9.0] AndroidManifest.xml:69:13-44
175            android:enabled="false"
175-->[androidx.work:work-runtime:2.9.0] AndroidManifest.xml:70:13-36
176            android:exported="false" >
176-->[androidx.work:work-runtime:2.9.0] AndroidManifest.xml:71:13-37
177            <intent-filter>
177-->[androidx.work:work-runtime:2.9.0] AndroidManifest.xml:73:13-76:29
178                <action android:name="android.intent.action.ACTION_POWER_CONNECTED" />
178-->[androidx.work:work-runtime:2.9.0] AndroidManifest.xml:74:17-87
178-->[androidx.work:work-runtime:2.9.0] AndroidManifest.xml:74:25-84
179                <action android:name="android.intent.action.ACTION_POWER_DISCONNECTED" />
179-->[androidx.work:work-runtime:2.9.0] AndroidManifest.xml:75:17-90
179-->[androidx.work:work-runtime:2.9.0] AndroidManifest.xml:75:25-87
180            </intent-filter>
181        </receiver>
182        <receiver
182-->[androidx.work:work-runtime:2.9.0] AndroidManifest.xml:78:9-88:20
183            android:name="androidx.work.impl.background.systemalarm.ConstraintProxy$BatteryNotLowProxy"
183-->[androidx.work:work-runtime:2.9.0] AndroidManifest.xml:79:13-104
184            android:directBootAware="false"
184-->[androidx.work:work-runtime:2.9.0] AndroidManifest.xml:80:13-44
185            android:enabled="false"
185-->[androidx.work:work-runtime:2.9.0] AndroidManifest.xml:81:13-36
186            android:exported="false" >
186-->[androidx.work:work-runtime:2.9.0] AndroidManifest.xml:82:13-37
187            <intent-filter>
187-->[androidx.work:work-runtime:2.9.0] AndroidManifest.xml:84:13-87:29
188                <action android:name="android.intent.action.BATTERY_OKAY" />
188-->[androidx.work:work-runtime:2.9.0] AndroidManifest.xml:85:17-77
188-->[androidx.work:work-runtime:2.9.0] AndroidManifest.xml:85:25-74
189                <action android:name="android.intent.action.BATTERY_LOW" />
189-->[androidx.work:work-runtime:2.9.0] AndroidManifest.xml:86:17-76
189-->[androidx.work:work-runtime:2.9.0] AndroidManifest.xml:86:25-73
190            </intent-filter>
191        </receiver>
192        <receiver
192-->[androidx.work:work-runtime:2.9.0] AndroidManifest.xml:89:9-99:20
193            android:name="androidx.work.impl.background.systemalarm.ConstraintProxy$StorageNotLowProxy"
193-->[androidx.work:work-runtime:2.9.0] AndroidManifest.xml:90:13-104
194            android:directBootAware="false"
194-->[androidx.work:work-runtime:2.9.0] AndroidManifest.xml:91:13-44
195            android:enabled="false"
195-->[androidx.work:work-runtime:2.9.0] AndroidManifest.xml:92:13-36
196            android:exported="false" >
196-->[androidx.work:work-runtime:2.9.0] AndroidManifest.xml:93:13-37
197            <intent-filter>
197-->[androidx.work:work-runtime:2.9.0] AndroidManifest.xml:95:13-98:29
198                <action android:name="android.intent.action.DEVICE_STORAGE_LOW" />
198-->[androidx.work:work-runtime:2.9.0] AndroidManifest.xml:96:17-83
198-->[androidx.work:work-runtime:2.9.0] AndroidManifest.xml:96:25-80
199                <action android:name="android.intent.action.DEVICE_STORAGE_OK" />
199-->[androidx.work:work-runtime:2.9.0] AndroidManifest.xml:97:17-82
199-->[androidx.work:work-runtime:2.9.0] AndroidManifest.xml:97:25-79
200            </intent-filter>
201        </receiver>
202        <receiver
202-->[androidx.work:work-runtime:2.9.0] AndroidManifest.xml:100:9-109:20
203            android:name="androidx.work.impl.background.systemalarm.ConstraintProxy$NetworkStateProxy"
203-->[androidx.work:work-runtime:2.9.0] AndroidManifest.xml:101:13-103
204            android:directBootAware="false"
204-->[androidx.work:work-runtime:2.9.0] AndroidManifest.xml:102:13-44
205            android:enabled="false"
205-->[androidx.work:work-runtime:2.9.0] AndroidManifest.xml:103:13-36
206            android:exported="false" >
206-->[androidx.work:work-runtime:2.9.0] AndroidManifest.xml:104:13-37
207            <intent-filter>
207-->[androidx.work:work-runtime:2.9.0] AndroidManifest.xml:106:13-108:29
208                <action android:name="android.net.conn.CONNECTIVITY_CHANGE" />
208-->[androidx.work:work-runtime:2.9.0] AndroidManifest.xml:107:17-79
208-->[androidx.work:work-runtime:2.9.0] AndroidManifest.xml:107:25-76
209            </intent-filter>
210        </receiver>
211        <receiver
211-->[androidx.work:work-runtime:2.9.0] AndroidManifest.xml:110:9-121:20
212            android:name="androidx.work.impl.background.systemalarm.RescheduleReceiver"
212-->[androidx.work:work-runtime:2.9.0] AndroidManifest.xml:111:13-88
213            android:directBootAware="false"
213-->[androidx.work:work-runtime:2.9.0] AndroidManifest.xml:112:13-44
214            android:enabled="false"
214-->[androidx.work:work-runtime:2.9.0] AndroidManifest.xml:113:13-36
215            android:exported="false" >
215-->[androidx.work:work-runtime:2.9.0] AndroidManifest.xml:114:13-37
216            <intent-filter>
216-->[androidx.work:work-runtime:2.9.0] AndroidManifest.xml:116:13-120:29
217                <action android:name="android.intent.action.BOOT_COMPLETED" />
217-->[androidx.work:work-runtime:2.9.0] AndroidManifest.xml:117:17-79
217-->[androidx.work:work-runtime:2.9.0] AndroidManifest.xml:117:25-76
218                <action android:name="android.intent.action.TIME_SET" />
218-->[androidx.work:work-runtime:2.9.0] AndroidManifest.xml:118:17-73
218-->[androidx.work:work-runtime:2.9.0] AndroidManifest.xml:118:25-70
219                <action android:name="android.intent.action.TIMEZONE_CHANGED" />
219-->[androidx.work:work-runtime:2.9.0] AndroidManifest.xml:119:17-81
219-->[androidx.work:work-runtime:2.9.0] AndroidManifest.xml:119:25-78
220            </intent-filter>
221        </receiver>
222        <receiver
222-->[androidx.work:work-runtime:2.9.0] AndroidManifest.xml:122:9-131:20
223            android:name="androidx.work.impl.background.systemalarm.ConstraintProxyUpdateReceiver"
223-->[androidx.work:work-runtime:2.9.0] AndroidManifest.xml:123:13-99
224            android:directBootAware="false"
224-->[androidx.work:work-runtime:2.9.0] AndroidManifest.xml:124:13-44
225            android:enabled="@bool/enable_system_alarm_service_default"
225-->[androidx.work:work-runtime:2.9.0] AndroidManifest.xml:125:13-72
226            android:exported="false" >
226-->[androidx.work:work-runtime:2.9.0] AndroidManifest.xml:126:13-37
227            <intent-filter>
227-->[androidx.work:work-runtime:2.9.0] AndroidManifest.xml:128:13-130:29
228                <action android:name="androidx.work.impl.background.systemalarm.UpdateProxies" />
228-->[androidx.work:work-runtime:2.9.0] AndroidManifest.xml:129:17-98
228-->[androidx.work:work-runtime:2.9.0] AndroidManifest.xml:129:25-95
229            </intent-filter>
230        </receiver>
231        <receiver
231-->[androidx.work:work-runtime:2.9.0] AndroidManifest.xml:132:9-142:20
232            android:name="androidx.work.impl.diagnostics.DiagnosticsReceiver"
232-->[androidx.work:work-runtime:2.9.0] AndroidManifest.xml:133:13-78
233            android:directBootAware="false"
233-->[androidx.work:work-runtime:2.9.0] AndroidManifest.xml:134:13-44
234            android:enabled="true"
234-->[androidx.work:work-runtime:2.9.0] AndroidManifest.xml:135:13-35
235            android:exported="true"
235-->[androidx.work:work-runtime:2.9.0] AndroidManifest.xml:136:13-36
236            android:permission="android.permission.DUMP" >
236-->[androidx.work:work-runtime:2.9.0] AndroidManifest.xml:137:13-57
237            <intent-filter>
237-->[androidx.work:work-runtime:2.9.0] AndroidManifest.xml:139:13-141:29
238                <action android:name="androidx.work.diagnostics.REQUEST_DIAGNOSTICS" />
238-->[androidx.work:work-runtime:2.9.0] AndroidManifest.xml:140:17-88
238-->[androidx.work:work-runtime:2.9.0] AndroidManifest.xml:140:25-85
239            </intent-filter>
240        </receiver>
241
242        <uses-library
242-->[androidx.privacysandbox.ads:ads-adservices:1.0.0-beta05] AndroidManifest.xml:23:9-25:40
243            android:name="android.ext.adservices"
243-->[androidx.privacysandbox.ads:ads-adservices:1.0.0-beta05] AndroidManifest.xml:24:13-50
244            android:required="false" />
244-->[androidx.privacysandbox.ads:ads-adservices:1.0.0-beta05] AndroidManifest.xml:25:13-37
245
246        <activity
246-->[com.google.android.gms:play-services-base:18.0.1] AndroidManifest.xml:20:9-22:45
247            android:name="com.google.android.gms.common.api.GoogleApiActivity"
247-->[com.google.android.gms:play-services-base:18.0.1] AndroidManifest.xml:20:19-85
248            android:exported="false"
248-->[com.google.android.gms:play-services-base:18.0.1] AndroidManifest.xml:22:19-43
249            android:theme="@android:style/Theme.Translucent.NoTitleBar" />
249-->[com.google.android.gms:play-services-base:18.0.1] AndroidManifest.xml:21:19-78
250
251        <meta-data
251-->[com.google.android.gms:play-services-basement:18.1.0] AndroidManifest.xml:21:9-23:69
252            android:name="com.google.android.gms.version"
252-->[com.google.android.gms:play-services-basement:18.1.0] AndroidManifest.xml:22:13-58
253            android:value="@integer/google_play_services_version" />
253-->[com.google.android.gms:play-services-basement:18.1.0] AndroidManifest.xml:23:13-66
254
255        <service
255-->[androidx.room:room-runtime:2.5.0] AndroidManifest.xml:24:9-28:63
256            android:name="androidx.room.MultiInstanceInvalidationService"
256-->[androidx.room:room-runtime:2.5.0] AndroidManifest.xml:25:13-74
257            android:directBootAware="true"
257-->[androidx.room:room-runtime:2.5.0] AndroidManifest.xml:26:13-43
258            android:exported="false" />
258-->[androidx.room:room-runtime:2.5.0] AndroidManifest.xml:27:13-37
259
260        <receiver
260-->[androidx.profileinstaller:profileinstaller:1.3.0] AndroidManifest.xml:34:9-52:20
261            android:name="androidx.profileinstaller.ProfileInstallReceiver"
261-->[androidx.profileinstaller:profileinstaller:1.3.0] AndroidManifest.xml:35:13-76